  Windows.cpp
  Timer.cpp
  Sound.cpp
  Mouse.cpp
  Keyboard.cpp
  Game.cpp
c:\users\jack\documents\visual studio 2015\projects\chilicppgames\intermediate\lesson 1\pooface ex+alpha\assets\game.cpp(3319): warning C4996: 'fopen': This function or variable may be unsafe. Consider using fopen_s instead. To disable deprecation, use _CRT_SECURE_NO_WARNINGS. See online help for details.
  c:\program files (x86)\windows kits\10\include\10.0.10240.0\ucrt\stdio.h(205): note: see declaration of 'fopen'
c:\users\jack\documents\visual studio 2015\projects\chilicppgames\intermediate\lesson 1\pooface ex+alpha\assets\game.cpp(3335): warning C4996: 'localtime': This function or variable may be unsafe. Consider using localtime_s instead. To disable deprecation, use _CRT_SECURE_NO_WARNINGS. See online help for details.
  c:\program files (x86)\windows kits\10\include\10.0.10240.0\ucrt\time.h(505): note: see declaration of 'localtime'
c:\users\jack\documents\visual studio 2015\projects\chilicppgames\intermediate\lesson 1\pooface ex+alpha\assets\game.cpp(3341): warning C4996: 'fopen': This function or variable may be unsafe. Consider using fopen_s instead. To disable deprecation, use _CRT_SECURE_NO_WARNINGS. See online help for details.
  c:\program files (x86)\windows kits\10\include\10.0.10240.0\ucrt\stdio.h(205): note: see declaration of 'fopen'
c:\users\jack\documents\visual studio 2015\projects\chilicppgames\intermediate\lesson 1\pooface ex+alpha\assets\game.cpp(3350): warning C4996: 'fscanf': This function or variable may be unsafe. Consider using fscanf_s instead. To disable deprecation, use _CRT_SECURE_NO_WARNINGS. See online help for details.
  c:\program files (x86)\windows kits\10\include\10.0.10240.0\ucrt\stdio.h(1193): note: see declaration of 'fscanf'
c:\users\jack\documents\visual studio 2015\projects\chilicppgames\intermediate\lesson 1\pooface ex+alpha\assets\game.cpp(3360): warning C4996: 'fopen': This function or variable may be unsafe. Consider using fopen_s instead. To disable deprecation, use _CRT_SECURE_NO_WARNINGS. See online help for details.
  c:\program files (x86)\windows kits\10\include\10.0.10240.0\ucrt\stdio.h(205): note: see declaration of 'fopen'
c:\users\jack\documents\visual studio 2015\projects\chilicppgames\intermediate\lesson 1\pooface ex+alpha\assets\game.cpp(3378): warning C4996: 'fopen': This function or variable may be unsafe. Consider using fopen_s instead. To disable deprecation, use _CRT_SECURE_NO_WARNINGS. See online help for details.
  c:\program files (x86)\windows kits\10\include\10.0.10240.0\ucrt\stdio.h(205): note: see declaration of 'fopen'
  D3DGraphics.cpp
  Generating Code...
  Chili DirectX Framework.vcxproj -> C:\Users\Jack\Documents\Visual Studio 2015\Projects\ChiliCppGames\Intermediate\Lesson 1\Pooface EX+alpha\Debug\Chili DirectX Framework.exe
